::1 - - [25/Jan/2026 13:38:21] "GET / HTTP/1.1" 304 -
::1 - - [25/Jan/2026 13:38:21] "GET /css/style.css HTTP/1.1" 304 -
::1 - - [25/Jan/2026 13:38:21] "GET /js/main.js HTTP/1.1" 304 -
::1 - - [25/Jan/2026 13:38:21] code 404, message File not found
::1 - - [25/Jan/2026 13:38:21] "GET /favicon.ico HTTP/1.1" 404 -
::1 - - [25/Jan/2026 13:38:41] "GET /language.html HTTP/1.1" 304 -
::1 - - [25/Jan/2026 13:38:42] "GET /language.html HTTP/1.1" 304 -
::1 - - [25/Jan/2026 13:38:42] "GET /language.html HTTP/1.1" 304 -
::1 - - [25/Jan/2026 13:38:43] "GET /language.html HTTP/1.1" 304 -
::1 - - [25/Jan/2026 13:38:44] "GET /language.html HTTP/1.1" 304 -
::1 - - [25/Jan/2026 13:38:45] "GET /language.html HTTP/1.1" 304 -
::1 - - [25/Jan/2026 13:38:46] "GET /language.html HTTP/1.1" 304 -
::1 - - [25/Jan/2026 13:38:47] "GET /language.html HTTP/1.1" 304 -
::1 - - [25/Jan/2026 13:38:47] "GET /language.html HTTP/1.1" 304 -
::1 - - [25/Jan/2026 13:46:18] "GET /language.html HTTP/1.1" 304 -
::1 - - [25/Jan/2026 13:46:18] "GET /js/main.js HTTP/1.1" 200 -
::1 - - [25/Jan/2026 13:46:18] "GET /index.html HTTP/1.1" 304 -
::1 - - [25/Jan/2026 13:46:32] "GET /js/main.js HTTP/1.1" 304 -
::1 - - [25/Jan/2026 13:46:32] "GET /css/style.css HTTP/1.1" 200 -
::1 - - [25/Jan/2026 13:46:34] "GET /register.html HTTP/1.1" 304 -
::1 - - [25/Jan/2026 13:46:59] "GET /css/style.css HTTP/1.1" 304 -
::1 - - [25/Jan/2026 13:46:59] "GET /js/main.js HTTP/1.1" 304 -
::1 - - [25/Jan/2026 13:47:06] "GET /success.html HTTP/1.1" 304 -
::1 - - [25/Jan/2026 13:47:09] "GET /success.html HTTP/1.1" 304 -
::1 - - [25/Jan/2026 13:47:09] "GET /css/style.css HTTP/1.1" 304 -
::1 - - [25/Jan/2026 13:47:09] "GET /js/main.js HTTP/1.1" 304 -
::1 - - [25/Jan/2026 13:50:28] "GET /index.html HTTP/1.1" 200 -
::1 - - [25/Jan/2026 13:50:28] "GET /css/style.css HTTP/1.1" 304 -
::1 - - [25/Jan/2026 13:50:28] "GET /js/main.js HTTP/1.1" 200 -
::1 - - [25/Jan/2026 13:52:45] "GET /index.html HTTP/1.1" 304 -
::1 - - [25/Jan/2026 13:52:45] "GET /css/style.css HTTP/1.1" 304 -
::1 - - [25/Jan/2026 13:52:45] "GET /js/main.js HTTP/1.1" 304 -
